<?xml version="1.0" encoding="utf-8"?><testsuites><testsuite errors="0" failures="0" hostname="26a52fd0344d" name="pytest" skipped="0" tests="23" time="0.155" timestamp="2025-11-03T04:22:00.285277"><testcase classname="test.rest.api_test.TestApi" name="test_api_add" time="0.003"></testcase><testcase classname="test.rest.api_test.TestApi" name="test_api_add_invalid_string" time="0.001"></testcase><testcase classname="test.rest.api_test.TestApi" name="test_api_add_missing_parameter" time="0.001"></testcase><testcase classname="test.rest.api_test.TestApi" name="test_api_divide" time="0.001"></testcase><testcase classname="test.rest.api_test.TestApi" name="test_api_divide_invalid_string" time="0.001"></testcase><testcase classname="test.rest.api_test.TestApi" name="test_api_divide_missing_parameter" time="0.001"></testcase><testcase classname="test.rest.api_test.TestApi" name="test_api_divide_with_zero" time="0.001"></testcase><testcase classname="test.rest.api_test.TestApi" name="test_api_log10" time="0.001"></testcase><testcase classname="test.rest.api_test.TestApi" name="test_api_log10_invalid_string" time="0.001"></testcase><testcase classname="test.rest.api_test.TestApi" name="test_api_log10_missing_parameter" time="0.001"></testcase><testcase classname="test.rest.api_test.TestApi" name="test_api_multiply" time="0.001"></testcase><testcase classname="test.rest.api_test.TestApi" name="test_api_multiply_invalid_string" time="0.001"></testcase><testcase classname="test.rest.api_test.TestApi" name="test_api_multiply_missing_parameter" time="0.001"></testcase><testcase classname="test.rest.api_test.TestApi" name="test_api_power" time="0.001"></testcase><testcase classname="test.rest.api_test.TestApi" name="test_api_power_invalid_string" time="0.001"></testcase><testcase classname="test.rest.api_test.TestApi" name="test_api_power_missing_parameter" time="0.001"></testcase><testcase classname="test.rest.api_test.TestApi" name="test_api_power_with_base_zero" time="0.001"></testcase><testcase classname="test.rest.api_test.TestApi" name="test_api_sqrt" time="0.001"></testcase><testcase classname="test.rest.api_test.TestApi" name="test_api_sqrt_invalid_string" time="0.001"></testcase><testcase classname="test.rest.api_test.TestApi" name="test_api_sqrt_missing_parameter" time="0.001"></testcase><testcase classname="test.rest.api_test.TestApi" name="test_api_substract" time="0.001"></testcase><testcase classname="test.rest.api_test.TestApi" name="test_api_substract_invalid_string" time="0.001"></testcase><testcase classname="test.rest.api_test.TestApi" name="test_api_substract_missing_parameter" time="0.001"></testcase></testsuite></testsuites>